SF:lib/data/model/auth_model/auth_model.dart
DA:18,2
DA:31,2
DA:32,0
DA:33,2
DA:34,0
DA:35,0
DA:36,0
DA:37,0
DA:39,0
DA:40,0
DA:41,0
DA:42,0
DA:46,4
LF:13
LH:4
end_of_record
SF:lib/data/model/auth_model/auth_model.g.dart
DA:9,4
DA:10,2
DA:11,2
DA:12,2
DA:13,2
DA:14,2
DA:15,2
DA:16,2
DA:17,4
DA:18,4
LF:10
LH:10
end_of_record
SF:lib/data/model/user_model/user_model.dart
DA:13,3
DA:21,3
DA:22,3
DA:24,6
LF:4
LH:4
end_of_record
SF:lib/data/model/user_model/user_model.g.dart
DA:9,6
DA:10,3
DA:11,3
DA:12,3
DA:13,3
DA:14,3
DA:17,6
DA:18,3
DA:19,3
DA:20,3
DA:21,3
DA:22,3
LF:12
LH:12
end_of_record
SF:lib/data/source/auth_remote_source.dart
DA:10,2
DA:12,2
DA:17,4
DA:21,0
DA:22,4
DA:25,4
DA:29,2
DA:35,4
DA:39,0
DA:40,4
DA:43,4
DA:47,2
DA:49,2
DA:50,2
DA:51,4
DA:53,0
DA:57,2
DA:61,4
DA:64,0
DA:68,2
DA:70,6
DA:73,0
DA:77,0
DA:79,0
DA:82,0
DA:86,2
DA:91,6
DA:92,2
DA:93,6
DA:97,6
DA:98,4
DA:101,0
DA:105,2
DA:110,6
DA:111,2
DA:112,6
DA:116,6
DA:117,4
DA:120,0
DA:124,2
DA:127,6
DA:130,0
DA:134,2
DA:136,6
DA:139,0
DA:143,2
DA:145,4
DA:146,6
DA:147,0
DA:148,6
DA:153,4
LF:51
LH:38
end_of_record
SF:lib/data/source/user_remote_source.dart
DA:10,2
DA:12,2
DA:14,8
DA:15,2
DA:16,6
DA:21,0
DA:25,2
DA:29,12
DA:30,2
DA:32,0
DA:36,2
DA:42,10
DA:48,0
DA:52,2
DA:57,10
DA:62,0
DA:66,2
DA:71,10
DA:76,0
DA:80,0
DA:87,0
DA:89,0
DA:90,0
DA:92,0
DA:93,0
DA:95,0
DA:96,0
DA:99,0
DA:102,0
DA:103,0
DA:104,0
DA:105,0
DA:106,0
DA:107,0
DA:111,0
DA:115,0
DA:122,0
DA:124,0
DA:125,0
DA:126,0
DA:127,0
DA:128,0
DA:129,0
DA:134,0
DA:135,0
DA:139,0
DA:142,0
DA:143,0
DA:144,0
DA:145,0
DA:146,0
DA:147,0
DA:153,0
LF:53
LH:14
end_of_record
